(node:2177330) ExperimentalWarning: CommonJS module /home/ljl/.nvm/versions/node/v23.3.0/lib/node_modules/npm/node_modules/debug/src/node.js is loading ES Module /home/ljl/.nvm/versions/node/v23.3.0/lib/node_modules/npm/node_modules/supports-color/index.js using require().
Support for loading ES Module in require() is an experimental feature and might change at any time
(Use `node --trace-warnings ...` to show where the warning was created)
Server listening on port: 3001
body:[object Object]
{
  FixedAmountRequest: {
    recipient: '0xebb49dad8eae5f8cf9e55fbb02c1addd54415ac1d4422f8b47cb898bfbdc49f8'
  }
}
tx.digest: 55R36s4fJmRqWwQU6Ls3kRX7YMWk1tw43C6LLqspYDaW ,tx success
{
  succ: true,
  msg: 'success',
  code: 'tx_succ',
  digest: '55R36s4fJmRqWwQU6Ls3kRX7YMWk1tw43C6LLqspYDaW'
}
body:[object Object]
{
  FixedAmountRequest: {
    recipient: '0x8f6bd80bca6fb0ac57c0754870b80f2f47d3c4f4e815719b4cda8102cd1bc5b0'
  }
}
tx.digest: qHC5yo2XDTHRzc3BBrmRGwXe8f685HJvZq8kEPLxh6k ,tx success
{
  succ: true,
  msg: 'success',
  code: 'tx_succ',
  digest: 'qHC5yo2XDTHRzc3BBrmRGwXe8f685HJvZq8kEPLxh6k'
}
body:[object Object]
{
  FixedAmountRequest: {
    recipient: '0x8f6bd80bca6fb0ac57c0754870b80f2f47d3c4f4e815719b4cda8102cd1bc5b0'
  }
}
{
  succ: false,
  msg: 'alread allocated, only allocate in one day',
  code: 'time_limit'
}
